<?xml version="1.0" encoding="UTF-8"?>
<!-- Generated by org.testng.reporters.JUnitReportReporter -->
<testsuite hostname="DESKTOP-6P8D5VU" failures="0" tests="1" name="testcases.TestCase2" time="0.000" errors="0" timestamp="2021-02-17T11:01:33 MSK" skipped="0">
  <testcase classname="testcases.TestCase2" name="validateTitles" time="0.000"/>
</testsuite> <!-- testcases.TestCase2 -->
