<?xml version="1.0" encoding="UTF-8"?>
<!-- Generated by org.testng.reporters.JUnitReportReporter -->
<testsuite hostname="DESKTOP-6P8D5VU" failures="0" tests="2" name="testcases.TestCase1" time="0.009" errors="0" timestamp="2021-02-17T11:01:33 MSK" skipped="0">
  <testcase classname="testcases.TestCase1" name="doUserRegistration" time="0.000"/>
  <testcase classname="testcases.TestCase1" name="doLogin" time="0.009"/>
</testsuite> <!-- testcases.TestCase1 -->
